<?xml version="1.0" encoding="UTF-8"?>
<!-- Generated by org.testng.reporters.JUnitXMLReporter -->
<testsuite hostname="SARIBINA-IN" name="Pio Admin Test" tests="1" failures="1" timestamp="10 May 2019 03:00:50 GMT" time="0.021" errors="0">
  <testcase name="Verify Links in Admin Page" time="0.008" classname="executor.AdminPio">
    <failure type="java.lang.NullPointerException">
      <![CDATA[java.lang.NullPointerException
	at executor.AdminPio.Execute(AdminPio.java:46)
... Removed 24 stack frames]]>
    </failure>
  </testcase> <!-- Verify Links in Admin Page -->
</testsuite> <!-- Pio Admin Test -->
